2024-01-03 21:43:31 INFO  i.g.b.w.WebDriverManager:1217 - Using chromedriver 120.0.6099.109 (resolved driver for Chrome 120)
2024-01-03 21:43:31 INFO  i.g.b.w.WebDriverManager:1270 - Exporting webdriver.chrome.driver as C:\Users\atili\.cache\selenium\chromedriver\win64\120.0.6099.109\chromedriver.exe
2024-01-03 21:43:33 INFO  i.g.b.w.WebDriverManager:1217 - Using chromedriver 120.0.6099.109 (resolved driver for Chrome 120)
2024-01-03 21:43:33 INFO  i.g.b.w.WebDriverManager:1270 - Exporting webdriver.chrome.driver as C:\Users\atili\.cache\selenium\chromedriver\win64\120.0.6099.109\chromedriver.exe
2024-01-04 09:00:56 INFO  i.g.b.w.WebDriverManager:1217 - Using chromedriver 120.0.6099.109 (resolved driver for Chrome 120)
2024-01-04 09:00:56 INFO  i.g.b.w.WebDriverManager:1270 - Exporting webdriver.chrome.driver as C:\Users\atili\.cache\selenium\chromedriver\win64\120.0.6099.109\chromedriver.exe
2024-01-04 09:01:52 INFO  i.g.b.w.WebDriverManager:1217 - Using chromedriver 120.0.6099.109 (resolved driver for Chrome 120)
2024-01-04 09:01:52 INFO  i.g.b.w.WebDriverManager:1270 - Exporting webdriver.chrome.driver as C:\Users\atili\.cache\selenium\chromedriver\win64\120.0.6099.109\chromedriver.exe
2024-01-04 09:02:46 INFO  i.g.b.w.WebDriverManager:1217 - Using chromedriver 120.0.6099.109 (resolved driver for Chrome 120)
2024-01-04 09:02:46 INFO  i.g.b.w.WebDriverManager:1270 - Exporting webdriver.chrome.driver as C:\Users\atili\.cache\selenium\chromedriver\win64\120.0.6099.109\chromedriver.exe
2024-01-04 09:02:48 INFO  i.g.b.w.WebDriverManager:1217 - Using chromedriver 120.0.6099.109 (resolved driver for Chrome 120)
2024-01-04 09:02:48 INFO  i.g.b.w.WebDriverManager:1270 - Exporting webdriver.chrome.driver as C:\Users\atili\.cache\selenium\chromedriver\win64\120.0.6099.109\chromedriver.exe
2024-01-04 09:02:50 ERROR i.q.a.AllureLifecycle:609 - Could not add attachment: no test is running
2024-01-04 09:08:35 INFO  i.g.b.w.WebDriverManager:1217 - Using chromedriver 120.0.6099.109 (resolved driver for Chrome 120)
2024-01-04 09:08:35 INFO  i.g.b.w.WebDriverManager:1270 - Exporting webdriver.chrome.driver as C:\Users\atili\.cache\selenium\chromedriver\win64\120.0.6099.109\chromedriver.exe
2024-01-04 09:08:37 INFO  i.g.b.w.WebDriverManager:1217 - Using chromedriver 120.0.6099.109 (resolved driver for Chrome 120)
2024-01-04 09:08:37 INFO  i.g.b.w.WebDriverManager:1270 - Exporting webdriver.chrome.driver as C:\Users\atili\.cache\selenium\chromedriver\win64\120.0.6099.109\chromedriver.exe
2024-01-04 09:08:39 ERROR i.q.a.AllureLifecycle:609 - Could not add attachment: no test is running
2024-01-04 09:08:58 INFO  i.g.b.w.WebDriverManager:1217 - Using chromedriver 120.0.6099.109 (resolved driver for Chrome 120)
2024-01-04 09:08:58 INFO  i.g.b.w.WebDriverManager:1270 - Exporting webdriver.chrome.driver as C:\Users\atili\.cache\selenium\chromedriver\win64\120.0.6099.109\chromedriver.exe
2024-01-04 09:09:00 INFO  i.g.b.w.WebDriverManager:1217 - Using chromedriver 120.0.6099.109 (resolved driver for Chrome 120)
2024-01-04 09:09:00 INFO  i.g.b.w.WebDriverManager:1270 - Exporting webdriver.chrome.driver as C:\Users\atili\.cache\selenium\chromedriver\win64\120.0.6099.109\chromedriver.exe
2024-01-04 09:32:11 INFO  i.g.b.w.WebDriverManager:1217 - Using chromedriver 120.0.6099.109 (resolved driver for Chrome 120)
2024-01-04 09:32:11 INFO  i.g.b.w.WebDriverManager:1270 - Exporting webdriver.chrome.driver as C:\Users\atili\.cache\selenium\chromedriver\win64\120.0.6099.109\chromedriver.exe
2024-01-04 09:32:38 INFO  i.g.b.w.WebDriverManager:1217 - Using chromedriver 120.0.6099.109 (resolved driver for Chrome 120)
2024-01-04 09:32:38 INFO  i.g.b.w.WebDriverManager:1270 - Exporting webdriver.chrome.driver as C:\Users\atili\.cache\selenium\chromedriver\win64\120.0.6099.109\chromedriver.exe
2024-01-04 09:36:41 INFO  i.g.b.w.WebDriverManager:1217 - Using chromedriver 120.0.6099.109 (resolved driver for Chrome 120)
2024-01-04 09:36:41 INFO  i.g.b.w.WebDriverManager:1270 - Exporting webdriver.chrome.driver as C:\Users\atili\.cache\selenium\chromedriver\win64\120.0.6099.109\chromedriver.exe
2024-01-04 09:38:03 INFO  i.g.b.w.WebDriverManager:1217 - Using chromedriver 120.0.6099.109 (resolved driver for Chrome 120)
2024-01-04 09:38:03 INFO  i.g.b.w.WebDriverManager:1270 - Exporting webdriver.chrome.driver as C:\Users\atili\.cache\selenium\chromedriver\win64\120.0.6099.109\chromedriver.exe
2024-01-04 09:38:05 INFO  i.g.b.w.WebDriverManager:1217 - Using chromedriver 120.0.6099.109 (resolved driver for Chrome 120)
2024-01-04 09:38:05 INFO  i.g.b.w.WebDriverManager:1270 - Exporting webdriver.chrome.driver as C:\Users\atili\.cache\selenium\chromedriver\win64\120.0.6099.109\chromedriver.exe
2024-01-04 10:23:54 INFO  i.g.b.w.WebDriverManager:1217 - Using chromedriver 120.0.6099.109 (resolved driver for Chrome 120)
2024-01-04 10:23:54 INFO  i.g.b.w.WebDriverManager:1270 - Exporting webdriver.chrome.driver as C:\Users\atili\.cache\selenium\chromedriver\win64\120.0.6099.109\chromedriver.exe
2024-01-04 10:24:14 INFO  i.g.b.w.WebDriverManager:1217 - Using chromedriver 120.0.6099.109 (resolved driver for Chrome 120)
2024-01-04 10:24:14 INFO  i.g.b.w.WebDriverManager:1270 - Exporting webdriver.chrome.driver as C:\Users\atili\.cache\selenium\chromedriver\win64\120.0.6099.109\chromedriver.exe
2024-01-04 10:24:57 INFO  i.g.b.w.WebDriverManager:1217 - Using chromedriver 120.0.6099.109 (resolved driver for Chrome 120)
2024-01-04 10:24:57 INFO  i.g.b.w.WebDriverManager:1270 - Exporting webdriver.chrome.driver as C:\Users\atili\.cache\selenium\chromedriver\win64\120.0.6099.109\chromedriver.exe
2024-01-04 10:24:59 INFO  i.g.b.w.WebDriverManager:1217 - Using chromedriver 120.0.6099.109 (resolved driver for Chrome 120)
2024-01-04 10:24:59 INFO  i.g.b.w.WebDriverManager:1270 - Exporting webdriver.chrome.driver as C:\Users\atili\.cache\selenium\chromedriver\win64\120.0.6099.109\chromedriver.exe
2024-01-04 11:49:45 INFO  i.g.b.w.WebDriverManager:1217 - Using chromedriver 120.0.6099.109 (resolved driver for Chrome 120)
2024-01-04 11:49:45 INFO  i.g.b.w.WebDriverManager:1270 - Exporting webdriver.chrome.driver as C:\Users\atili\.cache\selenium\chromedriver\win64\120.0.6099.109\chromedriver.exe
<<<<<<< HEAD
2024-01-05 13:03:49 INFO  i.g.b.w.WebDriverManager:1217 - Using chromedriver 120.0.6099.109 (resolved driver for Chrome 120)
2024-01-05 13:03:49 INFO  i.g.b.w.WebDriverManager:1270 - Exporting webdriver.chrome.driver as C:\Users\atili\.cache\selenium\chromedriver\win64\120.0.6099.109\chromedriver.exe
2024-01-05 13:03:51 INFO  i.g.b.w.WebDriverManager:1217 - Using chromedriver 120.0.6099.109 (resolved driver for Chrome 120)
2024-01-05 13:03:51 INFO  i.g.b.w.WebDriverManager:1270 - Exporting webdriver.chrome.driver as C:\Users\atili\.cache\selenium\chromedriver\win64\120.0.6099.109\chromedriver.exe
2024-01-05 13:03:53 ERROR i.q.a.AllureLifecycle:609 - Could not add attachment: no test is running
2024-01-05 13:09:26 INFO  i.g.b.w.WebDriverManager:1217 - Using chromedriver 120.0.6099.109 (resolved driver for Chrome 120)
2024-01-05 13:09:26 INFO  i.g.b.w.WebDriverManager:1270 - Exporting webdriver.chrome.driver as C:\Users\atili\.cache\selenium\chromedriver\win64\120.0.6099.109\chromedriver.exe
2024-01-05 13:09:27 INFO  i.g.b.w.WebDriverManager:1217 - Using chromedriver 120.0.6099.109 (resolved driver for Chrome 120)
2024-01-05 13:09:27 INFO  i.g.b.w.WebDriverManager:1270 - Exporting webdriver.chrome.driver as C:\Users\atili\.cache\selenium\chromedriver\win64\120.0.6099.109\chromedriver.exe
2024-01-05 13:10:37 INFO  i.g.b.w.WebDriverManager:1217 - Using chromedriver 120.0.6099.109 (resolved driver for Chrome 120)
2024-01-05 13:10:37 INFO  i.g.b.w.WebDriverManager:1270 - Exporting webdriver.chrome.driver as C:\Users\atili\.cache\selenium\chromedriver\win64\120.0.6099.109\chromedriver.exe
2024-01-05 13:10:39 INFO  i.g.b.w.WebDriverManager:1217 - Using chromedriver 120.0.6099.109 (resolved driver for Chrome 120)
2024-01-05 13:10:39 INFO  i.g.b.w.WebDriverManager:1270 - Exporting webdriver.chrome.driver as C:\Users\atili\.cache\selenium\chromedriver\win64\120.0.6099.109\chromedriver.exe
2024-01-05 13:10:41 ERROR i.q.a.AllureLifecycle:609 - Could not add attachment: no test is running
2024-01-05 13:11:30 INFO  i.g.b.w.WebDriverManager:1217 - Using chromedriver 120.0.6099.109 (resolved driver for Chrome 120)
2024-01-05 13:11:30 INFO  i.g.b.w.WebDriverManager:1270 - Exporting webdriver.chrome.driver as C:\Users\atili\.cache\selenium\chromedriver\win64\120.0.6099.109\chromedriver.exe
2024-01-05 13:11:32 INFO  i.g.b.w.WebDriverManager:1217 - Using chromedriver 120.0.6099.109 (resolved driver for Chrome 120)
2024-01-05 13:11:32 INFO  i.g.b.w.WebDriverManager:1270 - Exporting webdriver.chrome.driver as C:\Users\atili\.cache\selenium\chromedriver\win64\120.0.6099.109\chromedriver.exe
2024-01-05 13:11:34 ERROR i.q.a.AllureLifecycle:609 - Could not add attachment: no test is running
2024-01-05 13:15:43 INFO  i.g.b.w.WebDriverManager:1217 - Using chromedriver 120.0.6099.109 (resolved driver for Chrome 120)
2024-01-05 13:15:43 INFO  i.g.b.w.WebDriverManager:1270 - Exporting webdriver.chrome.driver as C:\Users\atili\.cache\selenium\chromedriver\win64\120.0.6099.109\chromedriver.exe
2024-01-05 13:15:45 INFO  i.g.b.w.WebDriverManager:1217 - Using chromedriver 120.0.6099.109 (resolved driver for Chrome 120)
2024-01-05 13:15:45 INFO  i.g.b.w.WebDriverManager:1270 - Exporting webdriver.chrome.driver as C:\Users\atili\.cache\selenium\chromedriver\win64\120.0.6099.109\chromedriver.exe
2024-01-05 13:18:39 INFO  i.g.b.w.WebDriverManager:1217 - Using chromedriver 120.0.6099.109 (resolved driver for Chrome 120)
2024-01-05 13:18:39 INFO  i.g.b.w.WebDriverManager:1270 - Exporting webdriver.chrome.driver as C:\Users\atili\.cache\selenium\chromedriver\win64\120.0.6099.109\chromedriver.exe
2024-01-05 13:18:41 INFO  i.g.b.w.WebDriverManager:1217 - Using chromedriver 120.0.6099.109 (resolved driver for Chrome 120)
2024-01-05 13:18:41 INFO  i.g.b.w.WebDriverManager:1270 - Exporting webdriver.chrome.driver as C:\Users\atili\.cache\selenium\chromedriver\win64\120.0.6099.109\chromedriver.exe
2024-01-05 13:20:20 INFO  i.g.b.w.WebDriverManager:1217 - Using chromedriver 120.0.6099.109 (resolved driver for Chrome 120)
2024-01-05 13:20:20 INFO  i.g.b.w.WebDriverManager:1270 - Exporting webdriver.chrome.driver as C:\Users\atili\.cache\selenium\chromedriver\win64\120.0.6099.109\chromedriver.exe
2024-01-05 13:20:22 INFO  i.g.b.w.WebDriverManager:1217 - Using chromedriver 120.0.6099.109 (resolved driver for Chrome 120)
2024-01-05 13:20:22 INFO  i.g.b.w.WebDriverManager:1270 - Exporting webdriver.chrome.driver as C:\Users\atili\.cache\selenium\chromedriver\win64\120.0.6099.109\chromedriver.exe
2024-01-05 13:20:23 ERROR i.q.a.AllureLifecycle:609 - Could not add attachment: no test is running
2024-01-05 13:23:04 INFO  i.g.b.w.WebDriverManager:1217 - Using chromedriver 120.0.6099.109 (resolved driver for Chrome 120)
2024-01-05 13:23:04 INFO  i.g.b.w.WebDriverManager:1270 - Exporting webdriver.chrome.driver as C:\Users\atili\.cache\selenium\chromedriver\win64\120.0.6099.109\chromedriver.exe
2024-01-05 13:23:06 INFO  i.g.b.w.WebDriverManager:1217 - Using chromedriver 120.0.6099.109 (resolved driver for Chrome 120)
2024-01-05 13:23:06 INFO  i.g.b.w.WebDriverManager:1270 - Exporting webdriver.chrome.driver as C:\Users\atili\.cache\selenium\chromedriver\win64\120.0.6099.109\chromedriver.exe
2024-01-05 13:23:08 ERROR i.q.a.AllureLifecycle:609 - Could not add attachment: no test is running
2024-01-05 13:24:44 INFO  i.g.b.w.WebDriverManager:1217 - Using chromedriver 120.0.6099.109 (resolved driver for Chrome 120)
2024-01-05 13:24:44 INFO  i.g.b.w.WebDriverManager:1270 - Exporting webdriver.chrome.driver as C:\Users\atili\.cache\selenium\chromedriver\win64\120.0.6099.109\chromedriver.exe
2024-01-05 13:24:46 INFO  i.g.b.w.WebDriverManager:1217 - Using chromedriver 120.0.6099.109 (resolved driver for Chrome 120)
2024-01-05 13:24:46 INFO  i.g.b.w.WebDriverManager:1270 - Exporting webdriver.chrome.driver as C:\Users\atili\.cache\selenium\chromedriver\win64\120.0.6099.109\chromedriver.exe
2024-01-05 13:24:48 ERROR i.q.a.AllureLifecycle:609 - Could not add attachment: no test is running
2024-01-05 13:25:09 INFO  i.g.b.w.WebDriverManager:1217 - Using chromedriver 120.0.6099.109 (resolved driver for Chrome 120)
2024-01-05 13:25:09 INFO  i.g.b.w.WebDriverManager:1270 - Exporting webdriver.chrome.driver as C:\Users\atili\.cache\selenium\chromedriver\win64\120.0.6099.109\chromedriver.exe
2024-01-05 13:25:11 INFO  i.g.b.w.WebDriverManager:1217 - Using chromedriver 120.0.6099.109 (resolved driver for Chrome 120)
2024-01-05 13:25:11 INFO  i.g.b.w.WebDriverManager:1270 - Exporting webdriver.chrome.driver as C:\Users\atili\.cache\selenium\chromedriver\win64\120.0.6099.109\chromedriver.exe
2024-01-05 13:25:13 ERROR i.q.a.AllureLifecycle:609 - Could not add attachment: no test is running
2024-01-05 13:28:13 INFO  i.g.b.w.WebDriverManager:1217 - Using chromedriver 120.0.6099.109 (resolved driver for Chrome 120)
2024-01-05 13:28:13 INFO  i.g.b.w.WebDriverManager:1270 - Exporting webdriver.chrome.driver as C:\Users\atili\.cache\selenium\chromedriver\win64\120.0.6099.109\chromedriver.exe
2024-01-05 13:28:15 INFO  i.g.b.w.WebDriverManager:1217 - Using chromedriver 120.0.6099.109 (resolved driver for Chrome 120)
2024-01-05 13:28:15 INFO  i.g.b.w.WebDriverManager:1270 - Exporting webdriver.chrome.driver as C:\Users\atili\.cache\selenium\chromedriver\win64\120.0.6099.109\chromedriver.exe
2024-01-05 13:28:16 ERROR i.q.a.AllureLifecycle:609 - Could not add attachment: no test is running
2024-01-05 13:46:12 INFO  i.g.b.w.WebDriverManager:1217 - Using chromedriver 120.0.6099.109 (resolved driver for Chrome 120)
2024-01-05 13:46:12 INFO  i.g.b.w.WebDriverManager:1270 - Exporting webdriver.chrome.driver as C:\Users\atili\.cache\selenium\chromedriver\win64\120.0.6099.109\chromedriver.exe
2024-01-05 13:46:13 INFO  i.g.b.w.WebDriverManager:1217 - Using chromedriver 120.0.6099.109 (resolved driver for Chrome 120)
2024-01-05 13:46:13 INFO  i.g.b.w.WebDriverManager:1270 - Exporting webdriver.chrome.driver as C:\Users\atili\.cache\selenium\chromedriver\win64\120.0.6099.109\chromedriver.exe
2024-01-05 13:46:15 ERROR i.q.a.AllureLifecycle:609 - Could not add attachment: no test is running
2024-01-05 15:57:31 INFO  i.g.b.w.WebDriverManager:1217 - Using chromedriver 120.0.6099.109 (resolved driver for Chrome 120)
2024-01-05 15:57:31 INFO  i.g.b.w.WebDriverManager:1270 - Exporting webdriver.chrome.driver as C:\Users\atili\.cache\selenium\chromedriver\win64\120.0.6099.109\chromedriver.exe
2024-01-05 15:57:33 INFO  i.g.b.w.WebDriverManager:1217 - Using chromedriver 120.0.6099.109 (resolved driver for Chrome 120)
2024-01-05 15:57:33 INFO  i.g.b.w.WebDriverManager:1270 - Exporting webdriver.chrome.driver as C:\Users\atili\.cache\selenium\chromedriver\win64\120.0.6099.109\chromedriver.exe
2024-01-05 15:58:30 INFO  i.g.b.w.WebDriverManager:1217 - Using chromedriver 120.0.6099.109 (resolved driver for Chrome 120)
2024-01-05 15:58:30 INFO  i.g.b.w.WebDriverManager:1270 - Exporting webdriver.chrome.driver as C:\Users\atili\.cache\selenium\chromedriver\win64\120.0.6099.109\chromedriver.exe
2024-01-05 15:58:32 INFO  i.g.b.w.WebDriverManager:1217 - Using chromedriver 120.0.6099.109 (resolved driver for Chrome 120)
2024-01-05 15:58:32 INFO  i.g.b.w.WebDriverManager:1270 - Exporting webdriver.chrome.driver as C:\Users\atili\.cache\selenium\chromedriver\win64\120.0.6099.109\chromedriver.exe
2024-01-05 15:58:34 ERROR i.q.a.AllureLifecycle:609 - Could not add attachment: no test is running
2024-01-05 16:08:16 INFO  i.g.b.w.WebDriverManager:1217 - Using chromedriver 120.0.6099.109 (resolved driver for Chrome 120)
2024-01-05 16:08:16 INFO  i.g.b.w.WebDriverManager:1270 - Exporting webdriver.chrome.driver as C:\Users\atili\.cache\selenium\chromedriver\win64\120.0.6099.109\chromedriver.exe
2024-01-05 16:08:18 INFO  i.g.b.w.WebDriverManager:1217 - Using chromedriver 120.0.6099.109 (resolved driver for Chrome 120)
2024-01-05 16:08:18 INFO  i.g.b.w.WebDriverManager:1270 - Exporting webdriver.chrome.driver as C:\Users\atili\.cache\selenium\chromedriver\win64\120.0.6099.109\chromedriver.exe
2024-01-05 16:08:20 ERROR i.q.a.AllureLifecycle:609 - Could not add attachment: no test is running
=======
2024-01-05 11:33:12 INFO  i.g.b.w.WebDriverManager:1217 - Using chromedriver 120.0.6099.109 (resolved driver for Chrome 120)
2024-01-05 11:33:12 INFO  i.g.b.w.WebDriverManager:1270 - Exporting webdriver.chrome.driver as C:\Users\asus\.cache\selenium\chromedriver\win64\120.0.6099.109\chromedriver.exe
2024-01-05 11:33:15 INFO  i.g.b.w.WebDriverManager:1217 - Using chromedriver 120.0.6099.109 (resolved driver for Chrome 120)
2024-01-05 11:33:15 INFO  i.g.b.w.WebDriverManager:1270 - Exporting webdriver.chrome.driver as C:\Users\asus\.cache\selenium\chromedriver\win64\120.0.6099.109\chromedriver.exe
2024-01-05 11:33:17 ERROR i.q.a.AllureLifecycle:609 - Could not add attachment: no test is running
2024-01-05 11:33:41 INFO  i.g.b.w.WebDriverManager:1217 - Using chromedriver 120.0.6099.109 (resolved driver for Chrome 120)
2024-01-05 11:33:41 INFO  i.g.b.w.WebDriverManager:1270 - Exporting webdriver.chrome.driver as C:\Users\asus\.cache\selenium\chromedriver\win64\120.0.6099.109\chromedriver.exe
2024-01-05 11:33:44 INFO  i.g.b.w.WebDriverManager:1217 - Using chromedriver 120.0.6099.109 (resolved driver for Chrome 120)
2024-01-05 11:33:44 INFO  i.g.b.w.WebDriverManager:1270 - Exporting webdriver.chrome.driver as C:\Users\asus\.cache\selenium\chromedriver\win64\120.0.6099.109\chromedriver.exe
2024-01-05 11:33:46 ERROR i.q.a.AllureLifecycle:609 - Could not add attachment: no test is running
2024-01-05 11:34:35 INFO  i.g.b.w.WebDriverManager:1217 - Using chromedriver 120.0.6099.109 (resolved driver for Chrome 120)
2024-01-05 11:34:35 INFO  i.g.b.w.WebDriverManager:1270 - Exporting webdriver.chrome.driver as C:\Users\asus\.cache\selenium\chromedriver\win64\120.0.6099.109\chromedriver.exe
2024-01-05 11:34:38 INFO  i.g.b.w.WebDriverManager:1217 - Using chromedriver 120.0.6099.109 (resolved driver for Chrome 120)
2024-01-05 11:34:38 INFO  i.g.b.w.WebDriverManager:1270 - Exporting webdriver.chrome.driver as C:\Users\asus\.cache\selenium\chromedriver\win64\120.0.6099.109\chromedriver.exe
2024-01-05 11:34:40 ERROR i.q.a.AllureLifecycle:609 - Could not add attachment: no test is running
2024-01-05 11:34:43 INFO  i.g.b.w.WebDriverManager:1217 - Using chromedriver 120.0.6099.109 (resolved driver for Chrome 120)
2024-01-05 11:34:43 INFO  i.g.b.w.WebDriverManager:1270 - Exporting webdriver.chrome.driver as C:\Users\asus\.cache\selenium\chromedriver\win64\120.0.6099.109\chromedriver.exe
2024-01-05 11:34:45 INFO  i.g.b.w.WebDriverManager:1217 - Using chromedriver 120.0.6099.109 (resolved driver for Chrome 120)
2024-01-05 11:34:45 INFO  i.g.b.w.WebDriverManager:1270 - Exporting webdriver.chrome.driver as C:\Users\asus\.cache\selenium\chromedriver\win64\120.0.6099.109\chromedriver.exe
2024-01-05 11:34:46 ERROR i.q.a.AllureLifecycle:609 - Could not add attachment: no test is running
2024-01-05 11:34:49 INFO  i.g.b.w.WebDriverManager:1217 - Using chromedriver 120.0.6099.109 (resolved driver for Chrome 120)
2024-01-05 11:34:49 INFO  i.g.b.w.WebDriverManager:1270 - Exporting webdriver.chrome.driver as C:\Users\asus\.cache\selenium\chromedriver\win64\120.0.6099.109\chromedriver.exe
2024-01-05 11:34:51 INFO  i.g.b.w.WebDriverManager:1217 - Using chromedriver 120.0.6099.109 (resolved driver for Chrome 120)
2024-01-05 11:34:51 INFO  i.g.b.w.WebDriverManager:1270 - Exporting webdriver.chrome.driver as C:\Users\asus\.cache\selenium\chromedriver\win64\120.0.6099.109\chromedriver.exe
2024-01-05 11:34:53 ERROR i.q.a.AllureLifecycle:609 - Could not add attachment: no test is running
2024-01-05 11:34:56 INFO  i.g.b.w.WebDriverManager:1217 - Using chromedriver 120.0.6099.109 (resolved driver for Chrome 120)
2024-01-05 11:34:56 INFO  i.g.b.w.WebDriverManager:1270 - Exporting webdriver.chrome.driver as C:\Users\asus\.cache\selenium\chromedriver\win64\120.0.6099.109\chromedriver.exe
2024-01-05 11:34:59 INFO  i.g.b.w.WebDriverManager:1217 - Using chromedriver 120.0.6099.109 (resolved driver for Chrome 120)
2024-01-05 11:34:59 INFO  i.g.b.w.WebDriverManager:1270 - Exporting webdriver.chrome.driver as C:\Users\asus\.cache\selenium\chromedriver\win64\120.0.6099.109\chromedriver.exe
2024-01-05 11:35:02 INFO  i.g.b.w.WebDriverManager:1217 - Using chromedriver 120.0.6099.109 (resolved driver for Chrome 120)
2024-01-05 11:35:02 INFO  i.g.b.w.WebDriverManager:1270 - Exporting webdriver.chrome.driver as C:\Users\asus\.cache\selenium\chromedriver\win64\120.0.6099.109\chromedriver.exe
>>>>>>> main
2024-01-05 19:30:55 INFO  i.g.b.w.WebDriverManager:1217 - Using chromedriver 120.0.6099.109 (resolved driver for Chrome 120)
2024-01-05 19:30:55 INFO  i.g.b.w.WebDriverManager:1270 - Exporting webdriver.chrome.driver as C:\Users\asus\.cache\selenium\chromedriver\win64\120.0.6099.109\chromedriver.exe
2024-01-05 21:20:22 INFO  i.g.b.w.WebDriverManager:1217 - Using chromedriver 120.0.6099.109 (resolved driver for Chrome 120)
2024-01-05 21:20:22 INFO  i.g.b.w.WebDriverManager:1270 - Exporting webdriver.chrome.driver as C:\Users\asus\.cache\selenium\chromedriver\win64\120.0.6099.109\chromedriver.exe
2024-01-05 21:25:50 INFO  i.g.b.w.WebDriverManager:1217 - Using chromedriver 120.0.6099.109 (resolved driver for Chrome 120)
2024-01-05 21:25:50 INFO  i.g.b.w.WebDriverManager:1270 - Exporting webdriver.chrome.driver as C:\Users\asus\.cache\selenium\chromedriver\win64\120.0.6099.109\chromedriver.exe
2024-01-05 21:25:54 INFO  i.g.b.w.WebDriverManager:1217 - Using chromedriver 120.0.6099.109 (resolved driver for Chrome 120)
2024-01-05 21:25:54 INFO  i.g.b.w.WebDriverManager:1270 - Exporting webdriver.chrome.driver as C:\Users\asus\.cache\selenium\chromedriver\win64\120.0.6099.109\chromedriver.exe
2024-01-05 21:31:16 INFO  i.g.b.w.WebDriverManager:1217 - Using chromedriver 120.0.6099.109 (resolved driver for Chrome 120)
2024-01-05 21:31:16 INFO  i.g.b.w.WebDriverManager:1270 - Exporting webdriver.chrome.driver as C:\Users\asus\.cache\selenium\chromedriver\win64\120.0.6099.109\chromedriver.exe
2024-01-05 21:49:19 INFO  i.g.b.w.WebDriverManager:1217 - Using chromedriver 120.0.6099.109 (resolved driver for Chrome 120)
2024-01-05 21:49:19 INFO  i.g.b.w.WebDriverManager:1270 - Exporting webdriver.chrome.driver as C:\Users\asus\.cache\selenium\chromedriver\win64\120.0.6099.109\chromedriver.exe
2024-01-05 21:49:22 INFO  i.g.b.w.WebDriverManager:1217 - Using chromedriver 120.0.6099.109 (resolved driver for Chrome 120)
2024-01-05 21:49:22 INFO  i.g.b.w.WebDriverManager:1270 - Exporting webdriver.chrome.driver as C:\Users\asus\.cache\selenium\chromedriver\win64\120.0.6099.109\chromedriver.exe
2024-01-05 22:13:24 INFO  i.g.b.w.WebDriverManager:1217 - Using chromedriver 120.0.6099.109 (resolved driver for Chrome 120)
2024-01-05 22:13:25 INFO  i.g.b.w.WebDriverManager:1270 - Exporting webdriver.chrome.driver as C:\Users\asus\.cache\selenium\chromedriver\win64\120.0.6099.109\chromedriver.exe
